<?xml version="1.0" encoding="UTF-8"?>
<testng-results ignored="0" total="3" passed="3" failed="0" skipped="0">
  <reporter-output>
  </reporter-output>
  <suite started-at="2022-01-27T19:41:33 IST" name="Default suite" finished-at="2022-01-27T19:41:34 IST" duration-ms="113">
    <groups>
      <group name="Smoke">
        <method signature="Start4.LoginAPIHomeLoan()[pri:0, instance:TestPack.Start4@242b836]" name="LoginAPIHomeLoan" class="TestPack.Start4"/>
      </group> <!-- Smoke -->
    </groups>
    <test started-at="2022-01-27T19:41:33 IST" name="Default test" finished-at="2022-01-27T19:41:34 IST" duration-ms="113">
      <class name="TestPack.Start4">
        <test-method signature="LoginAPIHomeLoan()[pri:0, instance:TestPack.Start4@242b836]" started-at="2022-01-27T19:41:33 IST" name="LoginAPIHomeLoan" finished-at="2022-01-27T19:41:33 IST" duration-ms="20" status="PASS">
          <reporter-output>
          </reporter-output>
        </test-method> <!-- LoginAPIHomeLoan -->
        <test-method signature="MobileLoginHomeLoan()[pri:0, instance:TestPack.Start4@242b836]" started-at="2022-01-27T19:41:34 IST" name="MobileLoginHomeLoan" finished-at="2022-01-27T19:41:34 IST" duration-ms="3" status="PASS">
          <reporter-output>
          </reporter-output>
        </test-method> <!-- MobileLoginHomeLoan -->
        <test-method signature="WebLoginHomeLoan()[pri:0, instance:TestPack.Start4@242b836]" started-at="2022-01-27T19:41:34 IST" name="WebLoginHomeLoan" finished-at="2022-01-27T19:41:34 IST" duration-ms="3" status="PASS">
          <reporter-output>
          </reporter-output>
        </test-method> <!-- WebLoginHomeLoan -->
      </class> <!-- TestPack.Start4 -->
    </test> <!-- Default test -->
  </suite> <!-- Default suite -->
</testng-results>
