<?xml version="1.0" encoding="UTF-8"?>
<!-- Generated by org.testng.reporters.JUnitXMLReporter -->
<testsuite ignored="0" hostname="DESKTOP-6BUO763" failures="0" tests="5" name="Car Loan" time="0.084" errors="0" timestamp="2021-12-28T07:17:12 IST">
  <testcase classname="TestPack.Start3" name="MobileLoginCarLoan" time="0.005"/>
  <testcase classname="TestPack.Start3" name="WebLoginCarLoan" time="0.008"/>
  <testcase classname="TestPack.Start3" name="WebLoginCarLoan" time="0.002"/>
  <testcase classname="TestPack.Start3" name="WebLoginCarLoan" time="0.002"/>
  <testcase classname="TestPack.Start3" name="LoginAPICarLoan" time="0.002"/>
</testsuite> <!-- Car Loan -->
