<?xml version="1.0" encoding="UTF-8"?>
<!-- Generated by org.testng.reporters.JUnitXMLReporter -->
<testsuite ignored="0" hostname="DESKTOP-6BUO763" failures="0" tests="3" name="Default test" time="0.113" errors="0" timestamp="2022-01-27T19:41:34 IST">
  <testcase classname="TestPack.Start4" name="LoginAPIHomeLoan" time="0.02"/>
  <testcase classname="TestPack.Start4" name="MobileLoginHomeLoan" time="0.003"/>
  <testcase classname="TestPack.Start4" name="WebLoginHomeLoan" time="0.003"/>
</testsuite> <!-- Default test -->
