<?xml version="1.0" encoding="UTF-8"?>
<!-- Generated by org.testng.reporters.JUnitXMLReporter -->
<testsuite ignored="0" hostname="DESKTOP-6BUO763" failures="0" tests="9" name="Test" time="0.206" errors="0" timestamp="2021-12-27T07:08:34 IST">
  <testcase classname="TestPack.Start" name="Test" time="0.01"/>
  <testcase classname="TestPack.Start" name="Test2" time="0.008"/>
  <testcase classname="TestPack.Start2" name="ploan" time="0.003"/>
  <testcase classname="TestPack.Start3" name="LoginAPICarLoan" time="0.003"/>
  <testcase classname="TestPack.Start3" name="MobileLoginCarLoan" time="0.004"/>
  <testcase classname="TestPack.Start3" name="WebLoginCarLoan" time="0.008"/>
  <testcase classname="TestPack.Start4" name="LoginAPIHomeLoan" time="0.008"/>
  <testcase classname="TestPack.Start4" name="MobileLoginHomeLoan" time="0.002"/>
  <testcase classname="TestPack.Start4" name="WebLoginHomeLoan" time="0.002"/>
</testsuite> <!-- Test -->
